[('VADAINE ISABELLE', None, 'renault.isabelle.22@gmail.com', None), ('Métayer régis', None, 'regis.metayer@wanadoo.fr', None), ('ARMELLE MANIVEL', None, 'armelle.manivel@orange.fr', None), ('le moine pascale', None, 'pascaldenislemoine@orange.fr', None), ('FERME DE KERINGANT', None, 'fermedekeringant@gmail.com', None), ('La Terre Des Fées', None, 'etsleguilcher@hotmail.com', None), ('Ferme de la Mare', None, 'fermedelamare@gmail.com', None), ("Bergerie de Penn Krec'h", 'Cécile THOMAS et Kristen BODROS', 'cels.thomas@gmail.com', None), ('GAEC LE CHANT DU GRAIN', None, 'contact@lechantdugrain.fr', None), ('Le Buis Sonnant', None, 'contact@lebuissonnant.org', None), ('TIFAÑCHMFLO', None, 'earlfp98@gmail.com', None), ('le Rucher de la Baie', None, 'apisami22@laposte.net', None), ('Rucher des Lauriers', None, 'rucherdeslauriers@yahoo.com', None), ('LA FERME DU POURPRAY', 'Maud, Edouard et Michelle', 'michelle.mannevy@oange.fr', None), ('SARL PBA', None, 'typasta@orange.fr', None), ('AU JARDIN DE JULIEN', None, 'aujardindejulien@gmail.com', None), ('BIO ARTISANAL', None, 'contact@bioartisanal.com', None), ('BONNE ESPERANCE', 'CORINNE CHASSE', 'bonnesperance@orange.fr', None), ('CHABERT', None, 'jonathan.chabert2@gmail.com', None), ('TY LIPOUS', None, 'yanncheritel@tylipous.bzh', None), ('CREPERIE YOUENN ALLANO', None, 'lacreperiedeyouenn@yahoo.fr', None), ('SARL DENOUAL ROLAND', None, 'roland.denoual@orange.fr', None), ('DI PASQUALE LAURENT', None, 'laurent.dipasquale@yahoo.fr', None), ('DRONIOU', None, 'lcyrille61@sfr.fr', None), ('EARL DES AUBRACS', None, 'manu.aubergeaubrac@gmail.com', None), ('EARL DE KEREDERN', None, 'lafermedekeredern@hotmail.com', None), ('EARL DE KERTITI', None, 'steevenrouille@gmail.com', None), ('EARL DE LA PETITE CROIX', None, 'getesse@club-internet.fr', None), ("EARL DU CHESNAYE D'EN HAUT", None, 'allodiss@orange.fr', None), ('EARL FRANCK PERRIGOUE', None, 'earlfp@gmail.com', None), ('EARL LA MOINERIE', None, 'lamoinerie@lamoinerie.com', None), ('EARL LAUDREN KERLIJOUAN', None, 'lesbonslegumesdekerlijouan@gmail.com', None), ('EARL LE NOUVEL', None, 'sylvin.le-nouvel@wanadoo.fr', None), ('EARL LE SAINT HORTICULTURE', None, 'lesainthorticulture@orange.fr', None), ('EARL MICHELET BERNARD', None, 'michelet.mb@wanadoo.fr', None), ('ELEVAGE AVICOLE DE LEURMIN', 'Thierry LORGUILLOUX', 'ferme.de.beaupre22@gmail.com', None), ('ETS OSTREICOLE DE MIN ER GOAS', None, 'bodinarnaud@hotmail.fr', None), ('FERME DU CEDRE BLEU', None, 'fermeducedrebleu@gmail.com', None), ('FERME MARAICHERE DE GLATINAIS', None, 'fermemaraicheredeglatinais22@orange.fr', None), ('FOURNIL PINABEL', None, 'lcyrille61@sfr.fr', None), ('GAEC DE SOUS LA VILLE', None, 'fermedessouslaville@gmail.com', None), ('GAEC DES GABORIAUX', None, 'saintrieulait@yahoo.fr', None), ('GAEC DES GRANDS PRES', None, 'gaec@lafermedesgrandspres.com', None), ('GAEC FERME DE LA CRAULEE', None, 'craulois@craulois.com', None), ('GAEC HENRY', None, 'isabelle.henry22@orange.fr', None), ('GAEC LA RAINETTE', None, 'gaeclarainette@yahoo.fr', None), ('GAEC MA VALLEE', None, 'gaec.mavallee@orange.fr', None), ('GAEC MYTILICOLE BAILLY', None, 'gaec-mytilicole-bailly@orange.fr', None), ('GAEC DE LA LAITERIE DE TREGORN', None, 'ds.mestric@gmail.com', None), ('GAEC VIDELO-LE DUAULT', None, 'thierry.videlo@wanadoo.fr', None), ('GAEC DU VALLET', None, 'c.pellan@orange.fr', None), ('GAEC PAMPILLES ET CABRIOLES', None, 'raison.benjamin@hotmail.fr', None), ('GAEC DES CAS CHAMPS', None, 'mpbru@wanadoo.fr', None), ('GUERNION ELIE', None, 'guernionventedirecte@gmail.com', None), ('HAMON Yves-Marie', None, 'yvesmariehamon@yahoo.fr', None), ('LA CHAROLAISE', 'Jean Michel Hillion', 'jeanmichel.hillion@gmail.com', None), ('LA FERME DE LA DONAITERIE', None, 'ladonaiterie@gmail.com', None), ('LA FERME DE LA PAUMERAIS', None, 'antoine.heuze369@orange.fr', None), ('LA FERME DU MILLET', None, 'lafermedumillet@orange.fr', None), ('GAEC DE LA BLANDIRIE', 'Christophe et Véronique LE FOL', 'fermedelablandirie@orange.fr', None), ('LE PANIER DE LA LANDE', None, 'jego_pascal@orange.fr', None), ('LES SAVEURS DE HAUTE BRETAGNE', 'CREPERIE DE GUERLEDAN', 'commercial@crepes2guerledan.fr', None), ('MARTELL DEULOFEU', None, 'ariel.martell@free.fr', None), ('MEHEUST', None, 'michel.meheust@wanadoo.fr', None), ("PECHEUR D'ARMOR", None, 'sciportmoliere@orange.fr', None), ('LE FERME DE MARIE-JEANNE', None, 'lafermedemariejeanne@gmail.com', None), ('SARL CHOUPEAUX', None, 'edesonis@beurre-levieuxbourg.fr', None), ('SARL LES DEUX LAUNAY', None, 'des.deux.launay.sarl@wanadoo.fr', None), ('SARL LES VIVIERS DE ST MARC', None, 'vanessa@viviers-st-marc.com', None), ('SARL PORS BODIOU', None, 'oeufskeryann@gmail.com', None), ('BOULANGERIE TI KOZH', 'SARL TY COZ', 'ludovic.ledu@wanadoo.fr', None), ('SCEA FERME DE LA MARE', None, 'fermedelamare@gmail.com', None), ('SOCIETE DES ETABLISSEMENTS TALHOUET', None, 'jmtalhouet@orange.fr', None), ('TERROIR ET TRADITIONS', None, 'terroir.traditions@free.fr', None), ('MICHIELS Nicolas', None, 'cote.legume22@hotmail.com', None), ("EARL LA FERME D'AUTREFOIS", None, 'lafermedautrefois@orange.fr', None), ('FROMAGERIE BERJELENNING', 'LE GALL FLORENCE', 'florence.legall@posteo.net', None), ('SARL LES DEUX LAUNAY', None, 'des.deux.launay.sarl@wanadoo.fr', None), ('SOCIETE BETAIL VIANDE', None, 'betailviande22@orange.fr', None), ('SARL PORS BODIOU', None, 'commandes.porsbodiou@gmail.com', None), ('FERME AVICOLE DE BEAUPRE', 'SARL TANGUY', 'ferme.de.beaupre22@gmail.com', None), ('LA CHAROLAISE', 'Jean-Michel HILLION', 'jeanmichel.hillion@gmail.com', None), ('Boucherie Erwan & Nathalie MAZEVET', None, 'mazevet.erwan@gmail.com', None), ('LE VERGER FLEURI', None, 'xavier.pascale.doussinault@wanadoo.fr', None), ('GAEC de La Chênaie', None, 'gaecdelachenaie@gmail.com', None), ('Le Rucher des Cosniers', None, 'rucherdescosniers@gmail.com', None), ('Nicolas DANIEL', None, 'Mireillenicolas266@yahou.fr', None), ('Comptoir Italien', None, 'jbdenis22@orange.fr', None), ('Poissonnerie La Marée', None, 'lamaree-boutique@hotmail.com', None), ('Le Potager de Kergistalen', None, 'quentin.lejan@gmail.com', None), ('Brasserie la Guernouillette', None, 'florence.gouriou@numericable.fr', None), ('FERME MARINE DU TRIEUX', None, 'fermemarinedutrieux@gmail.com', None), ('ESATCO Paimpol', None, 'accueil.paimpol@esatco.paimpol.fr', None), ('GAEC Bothorel', None, 'bothorel.alain22@orange.fr', None), ('La Ferme des Templiers', None, 'contact@fermedestempliers.fr', None)]
Please visit this URL to authorize this application: https://accounts.google.com/o/oauth2/auth?response_type=code&client_id=981174102333-e1lp334u7d84slpoirg1s2cd35qkt9ee.apps.googleusercontent.com&redirect_uri=http%3A%2F%2Flocalhost%3A59661%2F&scope=https%3A%2F%2Fwww.googleapis.com%2Fauth%2Fgmail.send&state=Q3hRZQCAf2B5qB5DWIGdLSnxTjO4Kb&access_type=offline
Generate token for renault.isabelle.22@gmail.com
sent message to renault.isabelle.22@gmail.com Message Id: 18d9de82f1a7246e
Generate token for regis.metayer@wanadoo.fr
sent message to regis.metayer@wanadoo.fr Message Id: 18d9de830725e973
Generate token for armelle.manivel@orange.fr
sent message to armelle.manivel@orange.fr Message Id: 18d9de83572fef84
Generate token for pascaldenislemoine@orange.fr
sent message to pascaldenislemoine@orange.fr Message Id: 18d9de83781dc531
Generate token for fermedekeringant@gmail.com
sent message to fermedekeringant@gmail.com Message Id: 18d9de83a28d493f
Generate token for etsleguilcher@hotmail.com
sent message to etsleguilcher@hotmail.com Message Id: 18d9de83d76ad1a4
Generate token for fermedelamare@gmail.com
sent message to fermedelamare@gmail.com Message Id: 18d9de84022acd9f
Generate token for cels.thomas@gmail.com
sent message to cels.thomas@gmail.com Message Id: 18d9de8427ede9ba
Generate token for contact@lechantdugrain.fr
sent message to contact@lechantdugrain.fr Message Id: 18d9de847f525762
Generate token for contact@lebuissonnant.org
sent message to contact@lebuissonnant.org Message Id: 18d9de849dde31d8
Generate token for earlfp98@gmail.com
sent message to earlfp98@gmail.com Message Id: 18d9de84ac4ad218
Generate token for apisami22@laposte.net
sent message to apisami22@laposte.net Message Id: 18d9de84f705904f
Generate token for rucherdeslauriers@yahoo.com
sent message to rucherdeslauriers@yahoo.com Message Id: 18d9de8512677167
Generate token for michelle.mannevy@oange.fr
sent message to michelle.mannevy@oange.fr Message Id: 18d9de855bf98ef4
Generate token for typasta@orange.fr
sent message to typasta@orange.fr Message Id: 18d9de857c2ec7ce
Generate token for aujardindejulien@gmail.com
sent message to aujardindejulien@gmail.com Message Id: 18d9de8583369a9c
Generate token for contact@bioartisanal.com
sent message to contact@bioartisanal.com Message Id: 18d9de85c3dc5f8d
Generate token for bonnesperance@orange.fr
sent message to bonnesperance@orange.fr Message Id: 18d9de85ea577f64
Generate token for jonathan.chabert2@gmail.com
sent message to jonathan.chabert2@gmail.com Message Id: 18d9de860e8bd2a0
Generate token for yanncheritel@tylipous.bzh
sent message to yanncheritel@tylipous.bzh Message Id: 18d9de86598b5942
Generate token for lacreperiedeyouenn@yahoo.fr
sent message to lacreperiedeyouenn@yahoo.fr Message Id: 18d9de866dab627f
Generate token for roland.denoual@orange.fr
sent message to roland.denoual@orange.fr Message Id: 18d9de86b207822f
Generate token for laurent.dipasquale@yahoo.fr
sent message to laurent.dipasquale@yahoo.fr Message Id: 18d9de86c40ebdb2
Generate token for lcyrille61@sfr.fr
sent message to lcyrille61@sfr.fr Message Id: 18d9de86eb9b9e71
Generate token for manu.aubergeaubrac@gmail.com
sent message to manu.aubergeaubrac@gmail.com Message Id: 18d9de87391d8b22
Generate token for lafermedekeredern@hotmail.com
sent message to lafermedekeredern@hotmail.com Message Id: 18d9de8758e4eb60
Generate token for steevenrouille@gmail.com
sent message to steevenrouille@gmail.com Message Id: 18d9de8798ef8ca3
Generate token for getesse@club-internet.fr
sent message to getesse@club-internet.fr Message Id: 18d9de87c95f51dc
Generate token for allodiss@orange.fr
sent message to allodiss@orange.fr Message Id: 18d9de87e57e51be
Generate token for earlfp@gmail.com
sent message to earlfp@gmail.com Message Id: 18d9de8812226dff
Generate token for lamoinerie@lamoinerie.com
sent message to lamoinerie@lamoinerie.com Message Id: 18d9de8838c02588
Generate token for lesbonslegumesdekerlijouan@gmail.com
sent message to lesbonslegumesdekerlijouan@gmail.com Message Id: 18d9de886a71909e
Generate token for sylvin.le-nouvel@wanadoo.fr
sent message to sylvin.le-nouvel@wanadoo.fr Message Id: 18d9de888c960949
Generate token for lesainthorticulture@orange.fr
sent message to lesainthorticulture@orange.fr Message Id: 18d9de88d231414f
Generate token for michelet.mb@wanadoo.fr
sent message to michelet.mb@wanadoo.fr Message Id: 18d9de88f87dff93
Generate token for ferme.de.beaupre22@gmail.com
sent message to ferme.de.beaupre22@gmail.com Message Id: 18d9de8928a7968e
Generate token for bodinarnaud@hotmail.fr
sent message to bodinarnaud@hotmail.fr Message Id: 18d9de8970838cf6
Generate token for fermeducedrebleu@gmail.com
sent message to fermeducedrebleu@gmail.com Message Id: 18d9de8988e7dad7
Generate token for fermemaraicheredeglatinais22@orange.fr
sent message to fermemaraicheredeglatinais22@orange.fr Message Id: 18d9de89b5b11d21
Generate token for lcyrille61@sfr.fr
sent message to lcyrille61@sfr.fr Message Id: 18d9de89e29913cb
Generate token for fermedessouslaville@gmail.com
sent message to fermedessouslaville@gmail.com Message Id: 18d9de8a0e5b7575
Generate token for saintrieulait@yahoo.fr
sent message to saintrieulait@yahoo.fr Message Id: 18d9de8a4ca9d7e2
Generate token for gaec@lafermedesgrandspres.com
sent message to gaec@lafermedesgrandspres.com Message Id: 18d9de8a701576a4
Generate token for craulois@craulois.com
sent message to craulois@craulois.com Message Id: 18d9de8abc019a8f
Generate token for isabelle.henry22@orange.fr
sent message to isabelle.henry22@orange.fr Message Id: 18d9de8ac687c68b
Generate token for gaeclarainette@yahoo.fr
sent message to gaeclarainette@yahoo.fr Message Id: 18d9de8b178dd0fc
Generate token for gaec.mavallee@orange.fr
sent message to gaec.mavallee@orange.fr Message Id: 18d9de8b42b50c54
Generate token for gaec-mytilicole-bailly@orange.fr
sent message to gaec-mytilicole-bailly@orange.fr Message Id: 18d9de8b6e113f4a
Generate token for ds.mestric@gmail.com
sent message to ds.mestric@gmail.com Message Id: 18d9de8baf2e37ab
Generate token for thierry.videlo@wanadoo.fr
sent message to thierry.videlo@wanadoo.fr Message Id: 18d9de8bc9e8ea9a
Generate token for c.pellan@orange.fr
sent message to c.pellan@orange.fr Message Id: 18d9de8c1d9ff0ba
Generate token for raison.benjamin@hotmail.fr
sent message to raison.benjamin@hotmail.fr Message Id: 18d9de8c3c9065d2
Generate token for mpbru@wanadoo.fr
sent message to mpbru@wanadoo.fr Message Id: 18d9de8c6fcc6931
Generate token for guernionventedirecte@gmail.com
sent message to guernionventedirecte@gmail.com Message Id: 18d9de8c98d6b384
Generate token for yvesmariehamon@yahoo.fr
sent message to yvesmariehamon@yahoo.fr Message Id: 18d9de8cc033dd44
Generate token for jeanmichel.hillion@gmail.com
sent message to jeanmichel.hillion@gmail.com Message Id: 18d9de8cfcb3da70
Generate token for ladonaiterie@gmail.com
sent message to ladonaiterie@gmail.com Message Id: 18d9de8d3c21970c
Generate token for antoine.heuze369@orange.fr
sent message to antoine.heuze369@orange.fr Message Id: 18d9de8d513bf562
Generate token for lafermedumillet@orange.fr
sent message to lafermedumillet@orange.fr Message Id: 18d9de8d877e5fc1
Generate token for fermedelablandirie@orange.fr
sent message to fermedelablandirie@orange.fr Message Id: 18d9de8dc3cf3543
Generate token for jego_pascal@orange.fr
sent message to jego_pascal@orange.fr Message Id: 18d9de8e0780336f
Generate token for commercial@crepes2guerledan.fr
sent message to commercial@crepes2guerledan.fr Message Id: 18d9de8e2b9411a4
Generate token for ariel.martell@free.fr
sent message to ariel.martell@free.fr Message Id: 18d9de8e5d82612b
Generate token for michel.meheust@wanadoo.fr
sent message to michel.meheust@wanadoo.fr Message Id: 18d9de8e8a034a80
Generate token for sciportmoliere@orange.fr
sent message to sciportmoliere@orange.fr Message Id: 18d9de8edc5d42dc
Generate token for lafermedemariejeanne@gmail.com
sent message to lafermedemariejeanne@gmail.com Message Id: 18d9de8f1cad9698
Generate token for edesonis@beurre-levieuxbourg.fr
sent message to edesonis@beurre-levieuxbourg.fr Message Id: 18d9de8f53a935d0
Generate token for des.deux.launay.sarl@wanadoo.fr
sent message to des.deux.launay.sarl@wanadoo.fr Message Id: 18d9de8f98a923a3
Generate token for vanessa@viviers-st-marc.com
sent message to vanessa@viviers-st-marc.com Message Id: 18d9de8ffbe388a9
Generate token for oeufskeryann@gmail.com
sent message to oeufskeryann@gmail.com Message Id: 18d9de9024ff77a1
Generate token for ludovic.ledu@wanadoo.fr
sent message to ludovic.ledu@wanadoo.fr Message Id: 18d9de906a3dde32
Generate token for fermedelamare@gmail.com
sent message to fermedelamare@gmail.com Message Id: 18d9de90c24dd35a
Generate token for jmtalhouet@orange.fr
sent message to jmtalhouet@orange.fr Message Id: 18d9de91198f6eae
Generate token for terroir.traditions@free.fr
sent message to terroir.traditions@free.fr Message Id: 18d9de914c020fb1
Generate token for cote.legume22@hotmail.com
sent message to cote.legume22@hotmail.com Message Id: 18d9de91a06d046a
Generate token for lafermedautrefois@orange.fr
sent message to lafermedautrefois@orange.fr Message Id: 18d9de91e4f2d60e
Generate token for florence.legall@posteo.net
sent message to florence.legall@posteo.net Message Id: 18d9de92527f8c07
Generate token for des.deux.launay.sarl@wanadoo.fr
sent message to des.deux.launay.sarl@wanadoo.fr Message Id: 18d9de92ac7d030f
Generate token for betailviande22@orange.fr
sent message to betailviande22@orange.fr Message Id: 18d9de930bcdc350
Generate token for commandes.porsbodiou@gmail.com
sent message to commandes.porsbodiou@gmail.com Message Id: 18d9de93219147dd
Generate token for ferme.de.beaupre22@gmail.com
sent message to ferme.de.beaupre22@gmail.com Message Id: 18d9de935b23eeb9
Generate token for jeanmichel.hillion@gmail.com
sent message to jeanmichel.hillion@gmail.com Message Id: 18d9de936dc339e8
Generate token for mazevet.erwan@gmail.com
sent message to mazevet.erwan@gmail.com Message Id: 18d9de93be570302
Generate token for xavier.pascale.doussinault@wanadoo.fr
sent message to xavier.pascale.doussinault@wanadoo.fr Message Id: 18d9de93c863f91b
Generate token for gaecdelachenaie@gmail.com
sent message to gaecdelachenaie@gmail.com Message Id: 18d9de93e8064138
Generate token for rucherdescosniers@gmail.com
sent message to rucherdescosniers@gmail.com Message Id: 18d9de9434e0a522
Generate token for Mireillenicolas266@yahou.fr
sent message to Mireillenicolas266@yahou.fr Message Id: 18d9de9473ab60ab
Generate token for jbdenis22@orange.fr
sent message to jbdenis22@orange.fr Message Id: 18d9de948d48a488
Generate token for lamaree-boutique@hotmail.com
sent message to lamaree-boutique@hotmail.com Message Id: 18d9de94d442af1e
Generate token for quentin.lejan@gmail.com
sent message to quentin.lejan@gmail.com Message Id: 18d9de951e5ff78d
Generate token for florence.gouriou@numericable.fr
sent message to florence.gouriou@numericable.fr Message Id: 18d9de953b3aebc7
Generate token for fermemarinedutrieux@gmail.com
sent message to fermemarinedutrieux@gmail.com Message Id: 18d9de957c6fe8ff
Generate token for accueil.paimpol@esatco.paimpol.fr
sent message to accueil.paimpol@esatco.paimpol.fr Message Id: 18d9de959eb3a6d5
Generate token for bothorel.alain22@orange.fr
sent message to bothorel.alain22@orange.fr Message Id: 18d9de95b27cb6a7
Generate token for contact@fermedestempliers.fr
sent message to contact@fermedestempliers.fr Message Id: 18d9de95f9ac8079
