Please visit this URL to authorize this application: https://accounts.google.com/o/oauth2/auth?response_type=code&client_id=981174102333-e1lp334u7d84slpoirg1s2cd35qkt9ee.apps.googleusercontent.com&redirect_uri=http%3A%2F%2Flocalhost%3A42421%2F&scope=https%3A%2F%2Fwww.googleapis.com%2Fauth%2Fgmail.readonly&state=K4iq2oMU7jR66VkzzKD9EM38TvRCK4&access_type=offline
{'messages': [{'id': '18e3eccb3b1b94a1', 'threadId': '18e3ecb5278c0021'}, {'id': '18e3ecba0ee88acc', 'threadId': '18e3ecb9dd16d5f3'}, {'id': '18e3ecb690111740', 'threadId': '18e3ecb622657d85'}, {'id': '18e3ecb5c5b0a188', 'threadId': '18e3ecb545993b11'}, {'id': '18e3ecb531d8530d', 'threadId': '18e3ecb4d9daf7db'}, {'id': '18e3ecb385718dd8', 'threadId': '18e3ecb3217db788'}, {'id': '18e3ecaab8488119', 'threadId': '18e3ecaa0f124893'}, {'id': '18e3eca9b7a146a1', 'threadId': '18e3eca81a970d87'}, {'id': '18e3eca905cca51b', 'threadId': '18e3eca8e38769ef'}, {'id': '18e3eca1d0fa1927', 'threadId': '18e3eca1918dcc9a'}, {'id': '18e3ec9cfe13cb04', 'threadId': '18e3ec9b6479b6d9'}, {'id': '18e3ec984ef28dd3', 'threadId': '18e3ec9739662ee8'}, {'id': '18e3ec8ed192bf6c', 'threadId': '18e3ec8debf71867'}, {'id': '18e3ec8e500160bd', 'threadId': '18e3ec8d9f3f7748'}, {'id': '18e3ec8591182512', 'threadId': '18e3ec84e2a7ab5a'}, {'id': '18e3ec8381b80c10', 'threadId': '18e3ec81a6018aa6'}, {'id': '18e3ec80773292d1', 'threadId': '18e3ec7fa5fe5aea'}, {'id': '18e3ec7f3aef52c6', 'threadId': '18e3ec7db8fb1249'}, {'id': '18e3ec7be1bef9bf', 'threadId': '18e3ec7b4d3b1cb9'}, {'id': '18e3ec77455fa2a8', 'threadId': '18e3ec76711fbb2f'}, {'id': '18e3ec708a3a4825', 'threadId': '18e3ec6e35ff6355'}, {'id': '18e3ec7081af8b1a', 'threadId': '18e3ec6ce30e974d'}, {'id': '18e3ec6c15321309', 'threadId': '18e3ec6b2b28fcba'}, {'id': '18e3ec6ad61db026', 'threadId': '18e3ec676ff7f58f'}, {'id': '18e3ec54544131c3', 'threadId': '18e3ec53594d0907'}, {'id': '18e3ec4d7bf0204b', 'threadId': '18e3ec4ab00a8216'}, {'id': '18e3ec46a81c155c', 'threadId': '18e3ec427940ee61'}, {'id': '18e3ec44ff51f6fb', 'threadId': '18e3ec4447114a10'}, {'id': '18e3ec409390c3ee', 'threadId': '18e3ec3fe74a63b7'}, {'id': '18e3ec3ebae505df', 'threadId': '18e3ec3e1ab899db'}, {'id': '18e3ec3e6f922353', 'threadId': '18e3ec3e52424fe4'}], 'resultSizeEstimate': 31}
- Id: 18e3eccb3b1b94a1
  => to  michel.r@unimedia.fr
- Id: 18e3ecba0ee88acc
  => to  volaillesdesgrees@gmail.com
- Id: 18e3ecb690111740
  => to  earlsymbiose@neuf.fr
- Id: 18e3ecb5c5b0a188
  => to  stefbicha@yahoo.fr
- Id: 18e3ecb531d8530d
  => to  carojvin@aol.com
- Id: 18e3ecb385718dd8
  => to  astrobale@no-log.org
- Id: 18e3ecaab8488119
  => to  sonia.debreux@orange.fr
- Id: 18e3eca9b7a146a1
  => to  abeille44@orange.fr
- Id: 18e3eca905cca51b
  => to  safran-vendee@gmail.com
- Id: 18e3eca1d0fa1927
  => to  audrey.lemee@voila.fr
- Id: 18e3ec9cfe13cb04
  => to  gaecderuble@orange.fr
- Id: 18e3ec984ef28dd3
  => to  s.prou@painsfleuris.fr
- Id: 18e3ec8ed192bf6c
  => to  amaplapierre@fictif.fr
- Id: 18e3ec8e500160bd
  => to  helene-petimont@neuf.fr
- Id: 18e3ec8591182512
  => to  amap.oytier@gmail.com
- Id: 18e3ec8381b80c10
  => to  lespaniersdecrozet@yahoo.fr
- Id: 18e3ec80773292d1
  => to  pasdemail@clicamap-aura.org
- Id: 18e3ec7f3aef52c6
  => to  soupagere.csgp@orange.fr
- Id: 18e3ec7be1bef9bf
  => to  bureau@rene-sens.fr
- Id: 18e3ec77455fa2a8
  => to  ceyssatamap@laposte.net
- Id: 18e3ec708a3a4825
  => to  amapgrandtetra@fictif.fr
- Id: 18e3ec7081af8b1a
  => to  soupe-au-caillou@yahoo.fr
- Id: 18e3ec6c15321309
  => to  amapterre@fictif.fr
- Id: 18e3ec6ad61db026
  => to  haricologik@gresille.org
- Id: 18e3ec54544131c3
  => to  amapvaulx@laposte.net
- Id: 18e3ec4d7bf0204b
  => to  amapdurocher@gmail.com
- Id: 18e3ec46a81c155c
  => to  amapjaujac@yahoo.fr
- Id: 18e3ec44ff51f6fb
  => to  amap@terredechanges.fr
- Id: 18e3ec409390c3ee
  => to  amaplapetitevenise@tutanota.com
- Id: 18e3ec3ebae505df
  => to  amappdg@cc-pays-de-gex.fr
- Id: 18e3ec3e6f922353
  => to  paniers.nizerel@gmail.com
